# stats: dump at 1734154506
stats: users 0 2
stats: {load,"tsung_controller@ip-172-31-37-175"} 1 0.03125 0 0.03125 0.03125 0 0
stats: {cpu,"tsung_controller@ip-172-31-37-175"} 1 3.766529664045747 0 3.766529664045747 3.766529664045747 0 0
stats: {freemem,"tsung_controller@ip-172-31-37-175"} 1 517.4375 0 517.4375 517.4375 0 0
stats: session 8 71.87875 6.248331052169057 82.882 67.086 0 0
stats: users_count 8 8
stats: finish_users_count 8 8
stats: error_connect_econnrefused 32 32
stats: error_abort_max_conn_retries 8 8
# stats: dump at 1734154516
stats: users 0 2
stats: {load,"tsung_controller@ip-172-31-37-175"} 1 0.01953125 0.0 0.03125 0.01953125 0.03125 1
stats: {cpu,"tsung_controller@ip-172-31-37-175"} 1 1.14713216957606 0.0 3.766529664045747 1.14713216957606 3.766529664045747 1
stats: {freemem,"tsung_controller@ip-172-31-37-175"} 1 519.19140625 0.0 519.19140625 517.4375 517.4375 1
stats: session 8 70.22287499999999 2.2887142917749665 82.882 67.086 71.87875 8
stats: users_count 8 16
stats: finish_users_count 8 16
stats: error_connect_econnrefused 32 64
stats: error_abort_max_conn_retries 8 16
# stats: dump at 1734154526
stats: users 0 2
stats: {load,"tsung_controller@ip-172-31-37-175"} 1 0.01953125 0.0 0.03125 0.01953125 0.025390625 2
stats: {cpu,"tsung_controller@ip-172-31-37-175"} 1 0.5007511266900351 0.0 3.766529664045747 0.5007511266900351 2.4568309168109037 2
stats: {freemem,"tsung_controller@ip-172-31-37-175"} 1 522.41796875 0.0 522.41796875 517.4375 518.314453125 2
stats: session 6 68.01100000000001 0.8080715727376329 82.882 66.664 71.05081249999999 16
stats: users_count 6 22
stats: finish_users_count 6 22
stats: error_connect_econnrefused 20 84
stats: error_abort_max_conn_retries 5 21
# stats: dump at 1734154536
stats: users 0 2
stats: {load,"tsung_controller@ip-172-31-37-175"} 1 0.01953125 0.0 0.03125 0.01953125 0.0234375 3
stats: {cpu,"tsung_controller@ip-172-31-37-175"} 1 0.5002501250625313 0.0 3.766529664045747 0.5002501250625313 1.8048043201039476 3
stats: {freemem,"tsung_controller@ip-172-31-37-175"} 1 522.890625 0.0 522.890625 517.4375 519.6822916666666 3
stats: session 6 68.57233333333333 1.3863996137077124 82.882 66.664 70.22177272727272 22
stats: users_count 6 28
stats: finish_users_count 6 28
stats: error_connect_econnrefused 28 112
stats: error_abort_max_conn_retries 7 28
# stats: dump at 1734154546
stats: users 0 2
stats: {load,"tsung_controller@ip-172-31-37-175"} 1 0.01171875 0.0 0.03125 0.01171875 0.0224609375 4
stats: {cpu,"tsung_controller@ip-172-31-37-175"} 1 0.7003501750875438 0.0 3.766529664045747 0.5002501250625313 1.4786657713435936 4
stats: {freemem,"tsung_controller@ip-172-31-37-175"} 1 522.296875 0.0 522.890625 517.4375 520.484375 4
stats: session 8 67.17237500000002 0.8774987090446386 82.882 65.747 69.86832142857142 28
stats: users_count 8 36
stats: finish_users_count 8 36
stats: error_connect_econnrefused 32 144
stats: error_abort_max_conn_retries 8 36
# stats: dump at 1734154556
stats: users 0 2
stats: {load,"tsung_controller@ip-172-31-37-175"} 1 0.01171875 0.0 0.03125 0.01171875 0.0203125 5
stats: {cpu,"tsung_controller@ip-172-31-37-175"} 1 0.6006006006006006 0.0 3.766529664045747 0.5002501250625313 1.3230026520923837 5
stats: {freemem,"tsung_controller@ip-172-31-37-175"} 1 522.01171875 0.0 522.890625 517.4375 520.846875 5
stats: session 8 67.90512500000001 1.1185702299699356 82.882 65.747 69.26922222222223 36
stats: users_count 8 44
stats: finish_users_count 8 44
stats: error_connect_econnrefused 32 176
stats: error_abort_max_conn_retries 8 44
# stats: dump at 1734154566
stats: users 0 2
stats: {load,"tsung_controller@ip-172-31-37-175"} 1 0.01171875 0.0 0.03125 0.01171875 0.018880208333333332 6
stats: {cpu,"tsung_controller@ip-172-31-37-175"} 1 0.5505505505505506 0.0 3.766529664045747 0.5002501250625313 1.2026023101770864 6
stats: {freemem,"tsung_controller@ip-172-31-37-175"} 1 522.25 0.0 522.890625 517.4375 521.041015625 6
stats: session 15 68.825 3.5473839562885408 82.882 65.747 69.02120454545455 44
stats: users_count 15 59
stats: finish_users_count 15 59
stats: newphase 1 1
stats: error_connect_econnrefused 56 232
stats: error_abort_max_conn_retries 14 58
# stats: dump at 1734154576
stats: users 0 2
stats: {load,"tsung_controller@ip-172-31-37-175"} 1 0.01171875 0.0 0.03125 0.01171875 0.017857142857142856 7
stats: {cpu,"tsung_controller@ip-172-31-37-175"} 1 1.0484273589615578 0.0 3.766529664045747 0.5002501250625313 1.109452058801867 7
stats: {freemem,"tsung_controller@ip-172-31-37-175"} 1 521.69140625 0.0 522.890625 517.4375 521.2137276785714 7
stats: session 15 69.84453333333333 4.10156608897409 83.467 65.747 68.97132203389832 59
stats: users_count 15 74
stats: finish_users_count 15 74
stats: newphase 0 1
stats: error_connect_econnrefused 64 296
stats: error_abort_max_conn_retries 16 74
# stats: dump at 1734154586
stats: users 0 2
stats: {load,"tsung_controller@ip-172-31-37-175"} 1 0.078125 0.0 0.078125 0.01171875 0.01708984375 8
stats: {cpu,"tsung_controller@ip-172-31-37-175"} 1 2.8372324539571925 0.0 3.766529664045747 0.5002501250625313 1.1018239713218283 8
stats: {freemem,"tsung_controller@ip-172-31-37-175"} 1 520.484375 0.0 522.890625 517.4375 521.2734375 8
stats: session 18 68.13416666666669 1.0716933252257108 83.467 65.747 69.14832432432434 74
stats: users_count 18 92
stats: finish_users_count 18 92
stats: newphase 0 1
stats: error_connect_econnrefused 72 368
stats: error_abort_max_conn_retries 18 92
# stats: dump at 1734154596
stats: users 1 2
stats: {load,"tsung_controller@ip-172-31-37-175"} 1 0.140625 0.0 0.140625 0.01171875 0.023871527777777776 9
stats: {cpu,"tsung_controller@ip-172-31-37-175"} 1 1.7991004497751124 0.0 3.766529664045747 0.5002501250625313 1.294647136059091 9
stats: {freemem,"tsung_controller@ip-172-31-37-175"} 1 519.80859375 0.0 522.890625 517.4375 521.1857638888889 9
stats: session 14 67.96407142857143 0.6024179214140413 83.467 65.747 68.94990217391306 92
stats: users_count 15 107
stats: finish_users_count 14 106
stats: newphase 0 1
stats: error_connect_econnrefused 56 424
stats: error_abort_max_conn_retries 14 106
# stats: dump at 1734154606
stats: users 0 2
stats: {load,"tsung_controller@ip-172-31-37-175"} 1 0.12109375 0.0 0.140625 0.01171875 0.035546875 10
stats: {cpu,"tsung_controller@ip-172-31-37-175"} 1 1.0510510510510511 0.0 3.766529664045747 0.5002501250625313 1.345092467430693 10
stats: {freemem,"tsung_controller@ip-172-31-37-175"} 1 520.94140625 0.0 522.890625 517.4375 521.048046875 10
stats: session 23 69.84095652173913 2.8016477058464835 83.467 65.747 68.81969811320756 106
stats: users_count 22 129
stats: finish_users_count 23 129
stats: newphase 0 1
stats: error_connect_econnrefused 91 515
stats: error_abort_max_conn_retries 22 128
# stats: dump at 1734154616
stats: users 0 2
stats: {load,"tsung_controller@ip-172-31-37-175"} 1 0.1015625 0.0 0.140625 0.01171875 0.04332386363636364 11
stats: {cpu,"tsung_controller@ip-172-31-37-175"} 1 2.0377733598409544 0.0 3.766529664045747 0.5002501250625313 1.3183614295779982 11
stats: {freemem,"tsung_controller@ip-172-31-37-175"} 1 520.25390625 0.0 522.890625 517.4375 521.0383522727273 11
stats: session 24 68.20845833333333 1.6692836282660897 83.467 65.674 69.00178294573645 129
stats: users_count 24 153
stats: finish_users_count 24 153
stats: newphase 0 1
stats: error_connect_econnrefused 97 612
stats: error_abort_max_conn_retries 25 153
# stats: dump at 1734154626
stats: users 0 2
stats: {load,"tsung_controller@ip-172-31-37-175"} 1 0.078125 0.0 0.140625 0.01171875 0.048177083333333336 12
stats: {cpu,"tsung_controller@ip-172-31-37-175"} 1 1.2024048096192386 0.0 3.766529664045747 0.5002501250625313 1.3783124237665778 12
stats: {freemem,"tsung_controller@ip-172-31-37-175"} 1 520.18359375 0.0 522.890625 517.4375 520.9729817708334 12
stats: session 30 69.6802 2.872352211457827 83.467 65.674 68.87733986928104 153
stats: users_count 30 183
stats: finish_users_count 30 183
stats: newphase 1 2
stats: error_connect_econnrefused 120 732
stats: error_abort_max_conn_retries 30 183
# stats: dump at 1734154636
stats: users 0 3
stats: {load,"tsung_controller@ip-172-31-37-175"} 1 0.0703125 0.0 0.140625 0.01171875 0.05048076923076923 13
stats: {cpu,"tsung_controller@ip-172-31-37-175"} 1 1.7438963627304436 0.0 3.766529664045747 0.5002501250625313 1.364781068832167 13
stats: {freemem,"tsung_controller@ip-172-31-37-175"} 1 519.9921875 0.0 522.890625 517.4375 520.9122596153846 13
stats: session 38 68.64228947368419 1.491627579946688 83.467 65.674 69.008956284153 183
stats: users_count 38 221
stats: finish_users_count 38 221
stats: newphase 0 2
stats: error_connect_econnrefused 152 884
stats: error_abort_max_conn_retries 38 221
# stats: dump at 1734154646
stats: users 0 3
stats: {load,"tsung_controller@ip-172-31-37-175"} 1 0.05859375 0.0 0.140625 0.01171875 0.05189732142857143 14
stats: {cpu,"tsung_controller@ip-172-31-37-175"} 1 2.2965551672491267 0.0 3.766529664045747 0.5002501250625313 1.391860732682044 14
stats: {freemem,"tsung_controller@ip-172-31-37-175"} 1 518.28125 0.0 522.890625 517.4375 520.8465401785714 14
stats: session 50 68.54878 1.2423611920854523 83.467 65.674 68.94590950226244 221
stats: users_count 50 271
stats: finish_users_count 50 271
stats: newphase 0 2
stats: error_connect_econnrefused 196 1080
stats: error_abort_max_conn_retries 49 270
# stats: dump at 1734154656
stats: users 0 3
stats: {load,"tsung_controller@ip-172-31-37-175"} 1 0.05078125 0.0 0.140625 0.01171875 0.05234375 15
stats: {cpu,"tsung_controller@ip-172-31-37-175"} 1 2.0100502512562812 0.0 3.766529664045747 0.5002501250625313 1.4521736949865163 15
stats: {freemem,"tsung_controller@ip-172-31-37-175"} 1 519.453125 0.0 522.890625 517.4375 520.6755208333333 15
stats: session 44 68.05906818181815 1.3146919687227039 83.467 65.674 68.87263837638375 271
stats: users_count 44 315
stats: finish_users_count 44 315
stats: newphase 0 2
stats: error_connect_econnrefused 180 1260
stats: error_abort_max_conn_retries 45 315
# stats: dump at 1734154666
stats: users 0 3
stats: {load,"tsung_controller@ip-172-31-37-175"} 1 0.0390625 0.0 0.140625 0.01171875 0.05224609375 16
stats: {cpu,"tsung_controller@ip-172-31-37-175"} 1 2.001000500250125 0.0 3.766529664045747 0.5002501250625313 1.4870409797533766 16
stats: {freemem,"tsung_controller@ip-172-31-37-175"} 1 519.3984375 0.0 522.890625 517.4375 520.59912109375 16
stats: session 35 68.67871428571426 1.6904935470604623 83.467 65.226 68.7589968253968 315
stats: users_count 35 350
stats: finish_users_count 35 350
stats: newphase 0 2
stats: error_connect_econnrefused 140 1400
stats: error_abort_max_conn_retries 35 350
# stats: dump at 1734154676
stats: users 0 3
stats: {load,"tsung_controller@ip-172-31-37-175"} 1 0.0390625 0.0 0.140625 0.01171875 0.051470588235294115 17
stats: {cpu,"tsung_controller@ip-172-31-37-175"} 1 1.99501246882793 0.0 3.766529664045747 0.5002501250625313 1.5172738927237734 17
stats: {freemem,"tsung_controller@ip-172-31-37-175"} 1 519.109375 0.0 522.890625 517.4375 520.5284926470588 17
stats: session 46 69.89363043478261 3.1711976571656457 83.467 65.226 68.75096857142854 350
stats: users_count 46 396
stats: finish_users_count 46 396
stats: newphase 0 2
stats: error_connect_econnrefused 184 1584
stats: error_abort_max_conn_retries 46 396
# stats: dump at 1734154686
stats: users 0 4
stats: {load,"tsung_controller@ip-172-31-37-175"} 1 0.03125 0.0 0.140625 0.01171875 0.05078125 18
stats: {cpu,"tsung_controller@ip-172-31-37-175"} 1 2.284011916583913 0.0 3.766529664045747 0.5002501250625313 1.5438149247295598 18
stats: {freemem,"tsung_controller@ip-172-31-37-175"} 1 519.80859375 0.0 522.890625 517.4375 520.4496527777778 18
stats: session 63 70.67792063492065 5.111655685865789 102.241 65.226 68.883702020202 396
stats: users_count 63 459
stats: finish_users_count 63 459
stats: newphase 1 3
stats: error_connect_econnrefused 250 1834
stats: error_abort_max_conn_retries 62 458
# stats: dump at 1734154696
stats: users 0 4
stats: {load,"tsung_controller@ip-172-31-37-175"} 1 0.01953125 0.0 0.140625 0.01171875 0.04975328947368421 19
stats: {cpu,"tsung_controller@ip-172-31-37-175"} 1 3.681592039800995 0.0 3.766529664045747 0.5002501250625313 1.582772661142947 19
stats: {freemem,"tsung_controller@ip-172-31-37-175"} 1 519.08984375 0.0 522.890625 517.4375 520.4159128289474 19
stats: session 77 67.94654545454543 3.4242569638430194 102.241 65.226 69.12996732026141 459
stats: users_count 77 536
stats: finish_users_count 77 536
stats: newphase 0 3
stats: error_connect_econnrefused 310 2144
stats: error_abort_max_conn_retries 78 536
# stats: dump at 1734154706
stats: users 1 5
stats: {load,"tsung_controller@ip-172-31-37-175"} 1 0.171875 0.0 0.171875 0.01171875 0.0482421875 20
stats: {cpu,"tsung_controller@ip-172-31-37-175"} 1 3.104656985478217 0.0 3.766529664045747 0.5002501250625313 1.6877136300758493 20
stats: {freemem,"tsung_controller@ip-172-31-37-175"} 1 519.734375 0.0 522.890625 517.4375 520.349609375 20
stats: session 77 68.88000000000007 2.28118132417531 102.241 65.226 68.9599608208955 536
stats: users_count 78 614
stats: finish_users_count 77 613
stats: newphase 0 3
stats: error_connect_econnrefused 309 2453
stats: error_abort_max_conn_retries 77 613
# stats: dump at 1734154716
stats: users 0 5
stats: {load,"tsung_controller@ip-172-31-37-175"} 1 0.140625 0.0 0.171875 0.01171875 0.05412946428571429 21
stats: {cpu,"tsung_controller@ip-172-31-37-175"} 1 3.2950574138791815 0.0 3.766529664045747 0.5002501250625313 1.7551871231902478 21
stats: {freemem,"tsung_controller@ip-172-31-37-175"} 1 519.8671875 0.0 522.890625 517.4375 520.3203125 21
stats: session 79 68.23832911392405 1.9196388420974115 102.241 65.226 68.9499168026101 613
stats: users_count 78 692
stats: finish_users_count 79 692
stats: newphase 0 3
stats: error_connect_econnrefused 315 2768
stats: error_abort_max_conn_retries 79 692
# stats: dump at 1734154726
stats: users 1 5
stats: {load,"tsung_controller@ip-172-31-37-175"} 1 0.28125 0.0 0.28125 0.01171875 0.058061079545454544 22
stats: {cpu,"tsung_controller@ip-172-31-37-175"} 1 3.039362232187344 0.0 3.766529664045747 0.5002501250625313 1.825181227312472 22
stats: {freemem,"tsung_controller@ip-172-31-37-175"} 1 519.625 0.0 522.890625 517.4375 520.2997159090909 22
stats: session 63 68.434873015873 2.010677217447879 102.241 65.226 68.86868063583815 692
stats: users_count 64 756
stats: finish_users_count 63 755
stats: newphase 0 3
stats: error_connect_econnrefused 254 3022
stats: error_abort_max_conn_retries 63 755
# stats: dump at 1734154736
stats: users 0 5
stats: {load,"tsung_controller@ip-172-31-37-175"} 1 0.23828125 0.0 0.28125 0.01171875 0.06776494565217392 23
stats: {cpu,"tsung_controller@ip-172-31-37-175"} 1 2.4549098196392785 0.0 3.766529664045747 0.5002501250625313 1.8779717057852923 23
stats: {freemem,"tsung_controller@ip-172-31-37-175"} 1 520.62890625 0.0 522.890625 517.4375 520.2703804347826 23
stats: session 88 68.68354545454541 1.8003313325676464 102.241 65.226 68.8324821192053 755
stats: users_count 87 843
stats: finish_users_count 88 843
stats: newphase 0 3
stats: error_connect_econnrefused 350 3372
stats: error_abort_max_conn_retries 88 843
# stats: dump at 1734154746
stats: users 0 6
stats: {load,"tsung_controller@ip-172-31-37-175"} 1 0.19921875 0.0 0.28125 0.01171875 0.07486979166666667 24
stats: {cpu,"tsung_controller@ip-172-31-37-175"} 1 3.723932472691162 0.0 3.766529664045747 0.5002501250625313 1.9020107938625417 24
stats: {freemem,"tsung_controller@ip-172-31-37-175"} 1 519.33984375 0.0 522.890625 517.4375 520.2853190104166 24
stats: session 133 71.78332330827071 5.773582080331841 102.241 65.226 68.81693475682087 843
stats: users_count 133 976
stats: finish_users_count 133 976
stats: newphase 1 4
stats: error_connect_econnrefused 519 3891
stats: error_abort_max_conn_retries 129 972
# stats: dump at 1734154756
stats: users 1 6
stats: {load,"tsung_controller@ip-172-31-37-175"} 1 0.3203125 0.0 0.3203125 0.01171875 0.07984375 25
stats: {cpu,"tsung_controller@ip-172-31-37-175"} 1 7.861328125 0.0 7.861328125 0.5002501250625313 1.9748876610156865 25
stats: {freemem,"tsung_controller@ip-172-31-37-175"} 1 519.99609375 0.0 522.890625 517.4375 520.2475 25
stats: session 175 69.20329714285722 3.3086802466487 102.241 65.226 69.22116598360655 976
stats: users_count 176 1152
stats: finish_users_count 175 1151
stats: newphase 0 4
stats: error_connect_econnrefused 696 4587
stats: error_abort_max_conn_retries 174 1146
# stats: dump at 1734154766
stats: users 0 6
stats: {load,"tsung_controller@ip-172-31-37-175"} 1 0.26953125 0.0 0.3203125 0.01171875 0.08909254807692307 26
stats: {cpu,"tsung_controller@ip-172-31-37-175"} 1 6.359539308963445 0.0 7.861328125 0.5002501250625313 2.2012892173227754 26
stats: {freemem,"tsung_controller@ip-172-31-37-175"} 1 519.8046875 0.0 522.890625 517.4375 520.2378305288461 26
stats: session 144 69.44772916666673 2.7328638499717948 102.241 65.226 69.21844917463076 1151
stats: users_count 143 1295
stats: finish_users_count 144 1295
stats: newphase 0 4
stats: error_connect_econnrefused 577 5164
stats: error_abort_max_conn_retries 145 1291
# stats: dump at 1734154776
stats: users 2 6
stats: {load,"tsung_controller@ip-172-31-37-175"} 1 0.23046875 0.0 0.3203125 0.01171875 0.09577546296296297 27
stats: {cpu,"tsung_controller@ip-172-31-37-175"} 1 6.277805239742956 0.0 7.861328125 0.5002501250625313 2.3552984799761334 27
stats: {freemem,"tsung_controller@ip-172-31-37-175"} 1 519.94921875 0.0 522.890625 517.4375 520.2217881944443 27
stats: session 169 69.00721301775148 2.3719656521997043 102.241 65.226 69.24394440154443 1295
stats: users_count 171 1466
stats: finish_users_count 169 1464
stats: newphase 0 4
stats: error_connect_econnrefused 666 5830
stats: error_abort_max_conn_retries 166 1457
# stats: dump at 1734154786
stats: users 0 6
stats: {load,"tsung_controller@ip-172-31-37-175"} 1 0.19140625 0.0 0.3203125 0.01171875 0.1005859375 28
stats: {cpu,"tsung_controller@ip-172-31-37-175"} 1 7.5892857142857135 0.0 7.861328125 0.5002501250625313 2.495388007110663 28
stats: {freemem,"tsung_controller@ip-172-31-37-175"} 1 518.73828125 0.0 522.890625 517.4375 520.2120535714284 28
stats: session 162 69.48077160493823 2.867822844526624 102.241 65.226 69.2166168032787 1464
stats: users_count 160 1626
stats: finish_users_count 162 1626
stats: newphase 0 4
stats: error_connect_econnrefused 641 6471
stats: error_abort_max_conn_retries 160 1617
# stats: dump at 1734154796
stats: users 1 6
stats: {load,"tsung_controller@ip-172-31-37-175"} 1 0.16015625 0.0 0.3203125 0.01171875 0.10371767241379311 29
stats: {cpu,"tsung_controller@ip-172-31-37-175"} 1 6.545275590551181 0.0 7.861328125 0.5002501250625313 2.6710396521856645 29
stats: {freemem,"tsung_controller@ip-172-31-37-175"} 1 519.84765625 0.0 522.890625 517.4375 520.1612338362067 29
stats: session 171 68.83481871345032 3.114994289445098 102.241 65.071 69.2429348093481 1626
stats: users_count 172 1798
stats: finish_users_count 171 1797
stats: newphase 0 4
stats: error_connect_econnrefused 694 7165
stats: error_abort_max_conn_retries 173 1790
# stats: dump at 1734154806
stats: users 2 7
stats: {load,"tsung_controller@ip-172-31-37-175"} 1 0.140625 0.0 0.3203125 0.01171875 0.10559895833333334 30
stats: {cpu,"tsung_controller@ip-172-31-37-175"} 1 5.686965274282838 0.0 7.861328125 0.5002501250625313 2.800180850131182 30
stats: {freemem,"tsung_controller@ip-172-31-37-175"} 1 520.3359375 0.0 522.890625 517.4375 520.1507812499999 30
stats: session 240 71.13753750000004 5.047349048288669 102.241 65.071 69.20409905397887 1797
stats: users_count 241 2039
stats: finish_users_count 240 2037
stats: newphase 1 5
stats: error_connect_econnrefused 947 8112
stats: error_abort_max_conn_retries 237 2027
# stats: dump at 1734154816
stats: users 1 9
stats: {load,"tsung_controller@ip-172-31-37-175"} 1 0.26171875 0.0 0.3203125 0.01171875 0.1067288306451613 31
stats: {cpu,"tsung_controller@ip-172-31-37-175"} 1 11.582060128141942 0.0 11.582060128141942 0.5002501250625313 2.8933029283296223 31
stats: {freemem,"tsung_controller@ip-172-31-37-175"} 1 519.78125 0.0 522.890625 517.4375 520.1567540322579 31
stats: session 320 69.44605937499998 2.919054592175282 102.241 65.071 69.43189739813452 2037
stats: users_count 319 2358
stats: finish_users_count 320 2357
stats: newphase 0 5
stats: error_connect_econnrefused 1275 9387
stats: error_abort_max_conn_retries 319 2346
# stats: dump at 1734154826
stats: users 2 9
stats: {load,"tsung_controller@ip-172-31-37-175"} 1 0.30078125 0.0 0.3203125 0.01171875 0.111572265625 32
stats: {cpu,"tsung_controller@ip-172-31-37-175"} 1 13.09288537549407 0.0 13.09288537549407 0.5002501250625313 3.1648265908237576 32
stats: {freemem,"tsung_controller@ip-172-31-37-175"} 1 519.41796875 0.0 522.890625 517.4375 520.1450195312499 32
stats: session 343 69.57679591836742 3.9640695979753833 102.241 65.071 69.43382011030972 2357
stats: users_count 344 2702
stats: finish_users_count 343 2700
stats: newphase 0 5
stats: error_connect_econnrefused 1401 10788
stats: error_abort_max_conn_retries 351 2697
# stats: dump at 1734154836
stats: users 1 9
stats: {load,"tsung_controller@ip-172-31-37-175"} 1 0.25 0.0 0.3203125 0.01171875 0.11730587121212122 33
stats: {cpu,"tsung_controller@ip-172-31-37-175"} 1 13.102409638554215 0.0 13.102409638554215 0.5002501250625313 3.4656768570258882 33
stats: {freemem,"tsung_controller@ip-172-31-37-175"} 1 519.82421875 0.0 522.890625 517.4375 520.1229876893939 33
stats: session 292 69.37472260273971 3.631305013037086 102.241 65.067 69.45198333333335 2700
stats: users_count 291 2993
stats: finish_users_count 292 2992
stats: newphase 0 5
stats: error_connect_econnrefused 1151 11939
stats: error_abort_max_conn_retries 287 2984
# stats: dump at 1734154846
stats: users 2 9
stats: {load,"tsung_controller@ip-172-31-37-175"} 1 0.44140625 0.0 0.44140625 0.01171875 0.12120863970588236 34
stats: {cpu,"tsung_controller@ip-172-31-37-175"} 1 11.393034825870647 0.0 13.102409638554215 0.5002501250625313 3.7491101741296626 34
stats: {freemem,"tsung_controller@ip-172-31-37-175"} 1 520.0078125 0.0 522.890625 517.4375 520.114200367647 34
stats: session 314 70.54722929936307 3.281224936084042 102.241 65.067 69.44444318181819 2992
stats: users_count 315 3308
stats: finish_users_count 314 3306
stats: newphase 0 5
stats: error_connect_econnrefused 1250 13189
stats: error_abort_max_conn_retries 312 3296
# stats: dump at 1734154856
stats: users 2 9
stats: {load,"tsung_controller@ip-172-31-37-175"} 1 0.37109375 0.0 0.44140625 0.01171875 0.13035714285714287 35
stats: {cpu,"tsung_controller@ip-172-31-37-175"} 1 14.292706803720021 0.0 14.292706803720021 0.5002501250625313 3.967508021322262 35
stats: {freemem,"tsung_controller@ip-172-31-37-175"} 1 519.28125 0.0 522.890625 517.4375 520.1111607142856 35
stats: session 290 69.83619310344831 3.5866362077647316 102.241 65.067 69.54918451300665 3306
stats: users_count 290 3598
stats: finish_users_count 290 3596
stats: newphase 0 5
stats: error_connect_econnrefused 1177 14366
stats: error_abort_max_conn_retries 294 3590
# stats: dump at 1734154866
stats: users 4 12
stats: {load,"tsung_controller@ip-172-31-37-175"} 1 0.30859375 0.0 0.44140625 0.01171875 0.13704427083333334 36
stats: {cpu,"tsung_controller@ip-172-31-37-175"} 1 12.56803562592776 0.0 14.292706803720021 0.5002501250625313 4.254319098611089 36
stats: {freemem,"tsung_controller@ip-172-31-37-175"} 1 520.19921875 0.0 522.890625 517.4375 520.0881076388888 36
stats: session 572 71.66730244755256 7.659981655964625 135.048 65.067 69.57233036707453 3596
stats: users_count 574 4172
stats: finish_users_count 572 4168
stats: newphase 1 6
stats: error_connect_econnrefused 2259 16625
stats: error_abort_max_conn_retries 562 4152
# stats: dump at 1734154876
stats: users 4 13
stats: {load,"tsung_controller@ip-172-31-37-175"} 1 0.62890625 0.0 0.62890625 0.01171875 0.14168074324324326 37
stats: {cpu,"tsung_controller@ip-172-31-37-175"} 1 25.958702064896755 0.0 25.958702064896755 0.5002501250625313 4.479014139889918 37
stats: {freemem,"tsung_controller@ip-172-31-37-175"} 1 519.609375 0.0 522.890625 517.4375 520.0911106418918 37
stats: session 655 70.32750839694653 3.942798775718505 135.048 65.067 69.85983613243764 4168
stats: users_count 655 4827
stats: finish_users_count 655 4823
stats: newphase 0 6
stats: error_connect_econnrefused 2636 19261
stats: error_abort_max_conn_retries 661 4813
# stats: dump at 1734154886
stats: users 3 13
stats: {load,"tsung_controller@ip-172-31-37-175"} 1 1.21875 0.0 1.21875 0.01171875 0.1545024671052632 38
stats: {cpu,"tsung_controller@ip-172-31-37-175"} 1 25.72552877520905 0.0 25.958702064896755 0.5002501250625313 5.044269085284834 38
stats: {freemem,"tsung_controller@ip-172-31-37-175"} 1 519.8828125 0.0 522.890625 517.4375 520.0784333881578 38
stats: session 589 69.95857215619695 3.709042079112033 135.048 65.067 69.92334957495336 4823
stats: users_count 588 5415
stats: finish_users_count 589 5412
stats: newphase 0 6
stats: error_connect_econnrefused 2369 21630
stats: error_abort_max_conn_retries 592 5405
# stats: dump at 1734154896
stats: users 3 13
stats: {load,"tsung_controller@ip-172-31-37-175"} 1 1.328125 0.0 1.328125 0.01171875 0.18179086538461542 39
stats: {cpu,"tsung_controller@ip-172-31-37-175"} 1 25.40160642570281 0.0 25.958702064896755 0.5002501250625313 5.5745577952828915 39
stats: {freemem,"tsung_controller@ip-172-31-37-175"} 1 520.84375 0.0 522.890625 517.4375 520.0734174679486 39
stats: session 630 69.65321587301587 3.635764713920048 135.048 65.067 69.92718292682927 5412
stats: users_count 630 6045
stats: finish_users_count 630 6042
stats: newphase 0 6
stats: error_connect_econnrefused 2512 24142
stats: error_abort_max_conn_retries 627 6032
# stats: dump at 1734154906
stats: users 1 14
stats: {load,"tsung_controller@ip-172-31-37-175"} 1 1.12890625 0.0 1.328125 0.01171875 0.21044921875000006 40
stats: {cpu,"tsung_controller@ip-172-31-37-175"} 1 25.22567703109328 0.0 25.958702064896755 0.5002501250625313 6.070234011043389 40
stats: {freemem,"tsung_controller@ip-172-31-37-175"} 1 520.88671875 0.0 522.890625 517.4375 520.0926757812499 40
stats: session 627 70.6591212121212 3.9216214990077605 135.048 65.067 69.89861635220127 6042
stats: users_count 625 6670
stats: finish_users_count 627 6669
stats: newphase 0 6
stats: error_connect_econnrefused 2511 26653
stats: error_abort_max_conn_retries 629 6661
# stats: dump at 1734154916
stats: users 6 14
stats: {load,"tsung_controller@ip-172-31-37-175"} 1 1.328125 0.0 1.328125 0.01171875 0.23285060975609762 41
stats: {cpu,"tsung_controller@ip-172-31-37-175"} 1 27.652259332023576 0.0 27.652259332023576 0.5002501250625313 6.537439938361679 41
stats: {freemem,"tsung_controller@ip-172-31-37-175"} 1 513.36328125 0.0 522.890625 513.36328125 520.1120426829267 41
stats: session 664 70.08623343373495 4.105402596230388 135.048 64.945 69.97011680911682 6669
stats: users_count 669 7339
stats: finish_users_count 664 7333
stats: newphase 0 6
stats: error_connect_econnrefused 2668 29321
stats: error_abort_max_conn_retries 665 7326
# stats: dump at 1734154924
stats: users 0 14
stats: {load,"tsung_controller@ip-172-31-37-175"} 1 1.37109375 0.0 1.37109375 0.01171875 0.25892857142857145 42
stats: {cpu,"tsung_controller@ip-172-31-37-175"} 1 25.86891757696127 0.0 27.652259332023576 0.5002501250625313 7.040173733448866 42
stats: {freemem,"tsung_controller@ip-172-31-37-175"} 1 519.55078125 0.0 522.890625 513.36328125 519.9513578869047 42
stats: session 158 72.44555696202535 4.829771544369987 135.048 64.945 69.98063111959635 7333
stats: users_count 152 7491
stats: finish_users_count 158 7491
stats: newphase 0 6
stats: error_connect_econnrefused 643 29964
stats: error_abort_max_conn_retries 165 7491
EndMonitor:{1734,154924,755598}
